TOTAL TESTING SCORE: 89.0%

- - - - - - - - - - - - - - - - - - - - - - - - - - - - - - - - - - - - - - 

SUMMARY BY TEST SET

Test Set                                      Pts Max  % Ttl  % Max
--------------------------------------------- --- --- ------ ------
tests/threads/Rubric.alarm                      7/  7   1.0%/  1.0%
tests/threads/Rubric.priority                  25/ 25   1.0%/  1.0%
tests/userprog/Rubric.functionality            40/ 40   8.0%/  8.0%
tests/userprog/Rubric.robustness               40/ 40   5.0%/  5.0%
tests/vm/Rubric.functionality                  67/ 82  49.0%/ 60.0%
tests/vm/Rubric.robustness                     29/ 29  20.0%/ 20.0%
tests/filesys/base/Rubric                      17/ 17   5.0%/  5.0%
tests/vm/cow/Rubric                             0/  1   0.0%/ 25.0%
--------------------------------------------- --- --- ------ ------
Total                                                  89.0%/125.0%

- - - - - - - - - - - - - - - - - - - - - - - - - - - - - - - - - - - - - - 

SUMMARY OF INDIVIDUAL TESTS

Functionality and robustness of alarm clock (tests/threads/Rubric.alarm):
	     1/ 1 tests/threads/alarm-single
	     1/ 1 tests/threads/alarm-multiple
	     1/ 1 tests/threads/alarm-simultaneous
	     2/ 2 tests/threads/alarm-priority

	     1/ 1 tests/threads/alarm-zero
	     1/ 1 tests/threads/alarm-negative

	- Section summary.
	      6/  6 tests passed
	      7/  7 points subtotal

Functionality of priority scheduler (tests/threads/Rubric.priority):
	     1/ 1 tests/threads/priority-change
	     1/ 1 tests/threads/priority-preempt

	     1/ 1 tests/threads/priority-fifo
	     2/ 2 tests/threads/priority-sema
	     2/ 2 tests/threads/priority-condvar

	     2/ 2 tests/threads/priority-donate-one
	     3/ 3 tests/threads/priority-donate-multiple
	     3/ 3 tests/threads/priority-donate-multiple2
	     3/ 3 tests/threads/priority-donate-nest
	     3/ 3 tests/threads/priority-donate-chain
	     2/ 2 tests/threads/priority-donate-sema
	     2/ 2 tests/threads/priority-donate-lower

	- Section summary.
	     12/ 12 tests passed
	     25/ 25 points subtotal

Functionality of system calls (tests/userprog/Rubric.functionality):
	- Test argument passing on Pintos command line.
	     1/ 1 tests/userprog/args-none
	     1/ 1 tests/userprog/args-single
	     1/ 1 tests/userprog/args-multiple
	     1/ 1 tests/userprog/args-many
	     1/ 1 tests/userprog/args-dbl-space

	- Test "create" system call.
	     1/ 1 tests/userprog/create-empty
	     1/ 1 tests/userprog/create-long
	     1/ 1 tests/userprog/create-normal
	     1/ 1 tests/userprog/create-exists

	- Test "open" system call.
	     1/ 1 tests/userprog/open-missing
	     1/ 1 tests/userprog/open-normal
	     1/ 1 tests/userprog/open-twice

	- Test "read" system call.
	     1/ 1 tests/userprog/read-normal
	     1/ 1 tests/userprog/read-zero

	- Test "write" system call.
	     1/ 1 tests/userprog/write-normal
	     1/ 1 tests/userprog/write-zero

	- Test "close" system call.
	     1/ 1 tests/userprog/close-normal

	- Test "fork" system call.
	     1/ 1 tests/userprog/fork-once
	     1/ 1 tests/userprog/fork-multiple
	     2/ 2 tests/userprog/fork-close
	     2/ 2 tests/userprog/fork-read

	- Test "exec" system call.
	     1/ 1 tests/userprog/exec-once
	     1/ 1 tests/userprog/exec-arg
	     2/ 2 tests/userprog/exec-read

	- Test "wait" system call.
	     1/ 1 tests/userprog/wait-simple
	     1/ 1 tests/userprog/wait-twice

	- Test "exit" system call.
	     1/ 1 tests/userprog/exit

	- Test "halt" system call.
	     1/ 1 tests/userprog/halt

	- Test recursive execution of user programs.
	     2/ 2 tests/userprog/fork-recursive
	     2/ 2 tests/userprog/multi-recurse

	- Test read-only executable feature.
	     1/ 1 tests/userprog/rox-simple
	     2/ 2 tests/userprog/rox-child
	     2/ 2 tests/userprog/rox-multichild

	- Section summary.
	     33/ 33 tests passed
	     40/ 40 points subtotal

Robustness of system calls (tests/userprog/Rubric.robustness):
	- Test robustness of file descriptor handling.
	     1/ 1 tests/userprog/close-bad-fd
	     1/ 1 tests/userprog/close-twice
	     1/ 1 tests/userprog/read-bad-fd
	     1/ 1 tests/userprog/read-stdout
	     1/ 1 tests/userprog/write-bad-fd
	     1/ 1 tests/userprog/write-stdin
	     2/ 2 tests/userprog/multi-child-fd

	- Test robustness of pointer handling.
	     1/ 1 tests/userprog/create-bad-ptr
	     1/ 1 tests/userprog/exec-bad-ptr
	     1/ 1 tests/userprog/open-bad-ptr
	     1/ 1 tests/userprog/read-bad-ptr
	     1/ 1 tests/userprog/write-bad-ptr

	- Test robustness of buffer copying across page boundaries.
	     2/ 2 tests/userprog/create-bound
	     2/ 2 tests/userprog/open-boundary
	     2/ 2 tests/userprog/read-boundary
	     2/ 2 tests/userprog/write-boundary
	     2/ 2 tests/userprog/fork-boundary
	     2/ 2 tests/userprog/exec-boundary

	- Test handling of null pointer and empty strings.
	     1/ 1 tests/userprog/create-null
	     1/ 1 tests/userprog/open-null
	     1/ 1 tests/userprog/open-empty

	- Test robustness of "fork", "exec" and "wait" system calls.
	     2/ 2 tests/userprog/exec-missing
	     2/ 2 tests/userprog/wait-bad-pid
	     2/ 2 tests/userprog/wait-killed

	- Test robustness of exception handling.
	     1/ 1 tests/userprog/bad-read
	     1/ 1 tests/userprog/bad-write
	     1/ 1 tests/userprog/bad-jump
	     1/ 1 tests/userprog/bad-read2
	     1/ 1 tests/userprog/bad-write2
	     1/ 1 tests/userprog/bad-jump2

	- Section summary.
	     30/ 30 tests passed
	     40/ 40 points subtotal

Functionality of virtual memory subsystem (tests/vm/Rubric.functionality):
	- Test stack growth.
	     2/ 2 tests/vm/pt-grow-stack
	     4/ 4 tests/vm/pt-grow-stk-sc
	     3/ 3 tests/vm/pt-big-stk-obj

	- Test paging behavior.
	     1/ 1 tests/vm/page-linear
	     4/ 4 tests/vm/page-parallel
	     2/ 2 tests/vm/page-shuffle
	     2/ 2 tests/vm/page-merge-seq
	  ** 0/ 5 tests/vm/page-merge-par
	  ** 0/ 5 tests/vm/page-merge-mm
	  ** 0/ 5 tests/vm/page-merge-stk

	- Test "mmap" system call.
	     1/ 1 tests/vm/mmap-read
	     3/ 3 tests/vm/mmap-write
	     2/ 2 tests/vm/mmap-ro
	     2/ 2 tests/vm/mmap-shuffle
	     1/ 1 tests/vm/mmap-twice
	     2/ 2 tests/vm/mmap-unmap
	     2/ 2 tests/vm/mmap-exit
	     3/ 3 tests/vm/mmap-clean
	     2/ 2 tests/vm/mmap-close
	     2/ 2 tests/vm/mmap-remove
	     1/ 1 tests/vm/mmap-off

	- Test memory swapping
	     3/ 3 tests/vm/swap-anon
	     3/ 3 tests/vm/swap-file
	     6/ 6 tests/vm/swap-iter
	     8/ 8 tests/vm/swap-fork

	- Test lazy loading
	     4/ 4 tests/vm/lazy-anon
	     4/ 4 tests/vm/lazy-file

	- Section summary.
	     24/ 27 tests passed
	     67/ 82 points subtotal

Robustness of virtual memory subsystem (tests/vm/Rubric.robustness):
	- Test robustness of page table support.
	     1/ 1 tests/vm/pt-bad-addr
	     3/ 3 tests/vm/pt-bad-read
	     1/ 1 tests/vm/pt-write-code
	     3/ 3 tests/vm/pt-write-code2
	     2/ 2 tests/vm/pt-grow-bad

	- Test robustness of "mmap" system call.
	     1/ 1 tests/vm/mmap-bad-fd
	     1/ 1 tests/vm/mmap-bad-fd2
	     1/ 1 tests/vm/mmap-bad-fd3

	     3/ 3 tests/vm/mmap-inherit
	     1/ 1 tests/vm/mmap-null
	     1/ 1 tests/vm/mmap-zero
	     2/ 2 tests/vm/mmap-zero-len

	     1/ 1 tests/vm/mmap-misalign

	     1/ 1 tests/vm/mmap-over-code
	     1/ 1 tests/vm/mmap-over-data
	     2/ 2 tests/vm/mmap-over-stk
	     1/ 1 tests/vm/mmap-overlap
	     1/ 1 tests/vm/mmap-bad-off
	     2/ 2 tests/vm/mmap-kernel

	- Section summary.
	     19/ 19 tests passed
	     29/ 29 points subtotal

Functionality of base file system (tests/filesys/base/Rubric):
	- Test basic support for small files.
	     1/ 1 tests/filesys/base/sm-create
	     1/ 1 tests/filesys/base/sm-full
	     1/ 1 tests/filesys/base/sm-random
	     1/ 1 tests/filesys/base/sm-seq-block
	     2/ 2 tests/filesys/base/sm-seq-random

	- Test basic support for large files.
	     1/ 1 tests/filesys/base/lg-create
	     1/ 1 tests/filesys/base/lg-full
	     1/ 1 tests/filesys/base/lg-random
	     1/ 1 tests/filesys/base/lg-seq-block
	     2/ 2 tests/filesys/base/lg-seq-random

	- Test synchronized multiprogram access to files.
	     2/ 2 tests/filesys/base/syn-read
	     2/ 2 tests/filesys/base/syn-write
	     1/ 1 tests/filesys/base/syn-remove

	- Section summary.
	     13/ 13 tests passed
	     17/ 17 points subtotal

Functionality of copy-on-write (tests/vm/cow/Rubric):
	- Basic functionality for copy-on-write.
	  ** 0/ 1 tests/vm/cow/cow-simple

	- Section summary.
	      0/  1 tests passed
	      0/  1 points subtotal


- - - - - - - - - - - - - - - - - - - - - - - - - - - - - - - - - - - - - - 

DETAILS OF tests/vm/page-merge-par FAILURE:

run: open "buf0": FAILED

OUTPUT FROM tests/vm/page-merge-par:

Kernel command line: -q -f put page-merge-par put child-sort run page-merge-par
0 ~ 9fc00 1
100000 ~ 13e0000 1
Pintos booting with: 
	base_mem: 0x0 ~ 0x9fc00 (Usable: 639 kB)
	ext_mem: 0x100000 ~ 0x13e0000 (Usable: 19,328 kB)
Calibrating timer...  209,715,200 loops/s.
hd0:0: detected 337 sector (168 kB) disk, model "QEMU HARDDISK", serial "QM00001"
hd0:1: detected 20,160 sector (9 MB) disk, model "QEMU HARDDISK", serial "QM00002"
hd1:0: detected 218 sector (109 kB) disk, model "QEMU HARDDISK", serial "QM00003"
hd1:1: detected 20,160 sector (9 MB) disk, model "QEMU HARDDISK", serial "QM00004"
Formatting file system...done.
Boot complete.
Putting 'page-merge-par' into the file system...
Putting 'child-sort' into the file system...
Executing 'page-merge-par':
(page-merge-par) begin
(page-merge-par) init
(page-merge-par) sort chunk 0
(page-merge-par) sort chunk 1
(page-merge-par) sort chunk 2
child-sort: exit(123)
(page-merge-par) sort chunk 3
child-sort: exit(123)
(page-merge-par) sort chunk 4
child-sort: exit(123)
(page-merge-par) sort chunk 5
child-sort: exit(123)
(page-merge-par) sort chunk 6
child-sort: exit(123)
(page-merge-par) sort chunk 7
child-sort: exit(123)
(page-merge-par) wait for child 0
(page-merge-par) open "buf0": FAILED
page-merge-par: exit(1)
Execution of 'page-merge-par' complete.
Timer: 1899 ticks
Thread: 73 idle ticks, 45 kernel ticks, 1781 user ticks
hd0:0: 0 reads, 0 writes
hd0:1: 2442 reads, 6205 writes
hd1:0: 218 reads, 0 writes
hd1:1: 0 reads, 0 writes
Console: 1501 characters output
Keyboard: 0 keys pressed
Exception: 0 page faults
Powering off...

- - - - - - - - - - - - - - - - - - - - - - - - - - - - - - - - - - - - - - 

DETAILS OF tests/vm/page-merge-mm FAILURE:

run: open "buf0": FAILED

OUTPUT FROM tests/vm/page-merge-mm:

Kernel command line: -q -f put page-merge-mm put child-qsort-mm run page-merge-mm
0 ~ 9fc00 1
100000 ~ 13e0000 1
Pintos booting with: 
	base_mem: 0x0 ~ 0x9fc00 (Usable: 639 kB)
	ext_mem: 0x100000 ~ 0x13e0000 (Usable: 19,328 kB)
Calibrating timer...  209,510,400 loops/s.
hd0:0: detected 337 sector (168 kB) disk, model "QEMU HARDDISK", serial "QM00001"
hd0:1: detected 20,160 sector (9 MB) disk, model "QEMU HARDDISK", serial "QM00002"
hd1:0: detected 224 sector (112 kB) disk, model "QEMU HARDDISK", serial "QM00003"
hd1:1: detected 20,160 sector (9 MB) disk, model "QEMU HARDDISK", serial "QM00004"
Formatting file system...done.
Boot complete.
Putting 'page-merge-mm' into the file system...
Putting 'child-qsort-mm' into the file system...
Executing 'page-merge-mm':
(page-merge-mm) begin
(page-merge-mm) init
(page-merge-mm) sort chunk 0
(page-merge-mm) sort chunk 1
child-qsort-mm: exit(80)
(page-merge-mm) sort chunk 2
child-qsort-mm: exit(80)
(page-merge-mm) sort chunk 3
child-qsort-mm: exit(80)
(page-merge-mm) sort chunk 4
child-qsort-mm: exit(80)
(page-merge-mm) sort chunk 5
child-qsort-mm: exit(80)
(page-merge-mm) sort chunk 6
child-qsort-mm: exit(80)
(page-merge-mm) sort chunk 7
child-qsort-mm: exit(80)
(page-merge-mm) wait for child 0
(page-merge-mm) open "buf0": FAILED
page-merge-mm: exit(1)
Execution of 'page-merge-mm' complete.
Timer: 755 ticks
Thread: 82 idle ticks, 39 kernel ticks, 634 user ticks
hd0:0: 0 reads, 0 writes
hd0:1: 2458 reads, 6470 writes
hd1:0: 224 reads, 0 writes
hd1:1: 0 reads, 0 writes
Console: 1532 characters output
Keyboard: 0 keys pressed
Exception: 0 page faults
Powering off...

- - - - - - - - - - - - - - - - - - - - - - - - - - - - - - - - - - - - - - 

DETAILS OF tests/vm/page-merge-stk FAILURE:

run: open "buf0": FAILED

OUTPUT FROM tests/vm/page-merge-stk:

Kernel command line: -q -f put page-merge-stk put child-qsort run page-merge-stk
0 ~ 9fc00 1
100000 ~ 13e0000 1
Pintos booting with: 
	base_mem: 0x0 ~ 0x9fc00 (Usable: 639 kB)
	ext_mem: 0x100000 ~ 0x13e0000 (Usable: 19,328 kB)
Calibrating timer...  209,510,400 loops/s.
hd0:0: detected 337 sector (168 kB) disk, model "QEMU HARDDISK", serial "QM00001"
hd0:1: detected 20,160 sector (9 MB) disk, model "QEMU HARDDISK", serial "QM00002"
hd1:0: detected 224 sector (112 kB) disk, model "QEMU HARDDISK", serial "QM00003"
hd1:1: detected 20,160 sector (9 MB) disk, model "QEMU HARDDISK", serial "QM00004"
Formatting file system...done.
Boot complete.
Putting 'page-merge-stk' into the file system...
Putting 'child-qsort' into the file system...
Executing 'page-merge-stk':
(page-merge-stk) begin
(page-merge-stk) init
(page-merge-stk) sort chunk 0
(page-merge-stk) sort chunk 1
(page-merge-stk) sort chunk 2
child-qsort: exit(72)
(page-merge-stk) sort chunk 3
child-qsort: exit(72)
(page-merge-stk) sort chunk 4
child-qsort: exit(72)
(page-merge-stk) sort chunk 5
child-qsort: exit(72)
(page-merge-stk) sort chunk 6
child-qsort: exit(72)
(page-merge-stk) sort chunk 7
child-qsort: exit(72)
(page-merge-stk) wait for child 0
(page-merge-stk) open "buf0": FAILED
page-merge-stk: exit(1)
Execution of 'page-merge-stk' complete.
Timer: 1958 ticks
Thread: 79 idle ticks, 39 kernel ticks, 1840 user ticks
hd0:0: 0 reads, 0 writes
hd0:1: 2456 reads, 6217 writes
hd1:0: 224 reads, 0 writes
hd1:1: 0 reads, 0 writes
Console: 1503 characters output
Keyboard: 0 keys pressed
Exception: 0 page faults
Powering off...

- - - - - - - - - - - - - - - - - - - - - - - - - - - - - - - - - - - - - - 

DETAILS OF tests/vm/cow/cow-simple FAILURE:

run: two phys addrs should be the same.: FAILED

OUTPUT FROM tests/vm/cow/cow-simple:

Kernel command line: -q -f put cow-simple run cow-simple
0 ~ 9fc00 1
100000 ~ 13e0000 1
Pintos booting with: 
	base_mem: 0x0 ~ 0x9fc00 (Usable: 639 kB)
	ext_mem: 0x100000 ~ 0x13e0000 (Usable: 19,328 kB)
Calibrating timer...  222,412,800 loops/s.
hd0:0: detected 337 sector (168 kB) disk, model "QEMU HARDDISK", serial "QM00001"
hd0:1: detected 20,160 sector (9 MB) disk, model "QEMU HARDDISK", serial "QM00002"
hd1:0: detected 4,019 sector (1 MB) disk, model "QEMU HARDDISK", serial "QM00003"
hd1:1: detected 8,064 sector (3 MB) disk, model "QEMU HARDDISK", serial "QM00004"
Formatting file system...done.
Boot complete.
Putting 'cow-simple' into the file system...
Executing 'cow-simple':
(cow-simple) begin
(cow-simple) check data consistency
(cow-simple) check data consistency
(cow-simple) two phys addrs should be the same.
(cow-simple) two phys addrs should be the same.: FAILED
child: exit(1)
(cow-simple) two phys addrs should be the same.
(cow-simple) check data consistency
(cow-simple) end
cow-simple: exit(0)
Execution of 'cow-simple' complete.
Timer: 159 ticks
Thread: 69 idle ticks, 84 kernel ticks, 6 user ticks
hd0:0: 0 reads, 0 writes
hd0:1: 90 reads, 8066 writes
hd1:0: 4019 reads, 0 writes
hd1:1: 0 reads, 0 writes
Console: 1234 characters output
Keyboard: 0 keys pressed
Exception: 0 page faults
Powering off...
